1/20                 
2/20 [setup]         
3/20                 
4/20 [load-labels]   
5/20                 
6/20 [genlight]      
7/20                 
8/20 [gendist]       
9/20                 
10/20 [geodist]       
11/20                 
12/20 [mantel]        
13/20                 
14/20 [plotIBD]       
15/20                 
16/20 [save]          
17/20                 
18/20 [mantelcorr]    
19/20                 
20/20 [Plotmantelcorr]
/mmfs1/home/azm0272/miniforge3/envs/Rmarkdown/bin/pandoc +RTS -K512m -RTS IBD_mantel.knit.md --to html4 --from markdown+autolink_bare_uris+tex_math_single_backslash --output IBD_mantel.html --lua-filter /mmfs1/home/azm0272/miniforge3/envs/Rmarkdown/lib/R/library/rmarkdown/rmarkdown/lua/pagebreak.lua --lua-filter /mmfs1/home/azm0272/miniforge3/envs/Rmarkdown/lib/R/library/rmarkdown/rmarkdown/lua/latex-div.lua --lua-filter /mmfs1/home/azm0272/miniforge3/envs/Rmarkdown/lib/R/library/rmarkdown/rmarkdown/lua/table-classes.lua --embed-resources --standalone --variable bs3=TRUE --section-divs --template /mmfs1/home/azm0272/miniforge3/envs/Rmarkdown/lib/R/library/rmarkdown/rmd/h/default.html --syntax-highlighting=none --variable highlightjs=1 --variable theme=bootstrap --mathjax --variable 'mathjax-url=https://mathjax.rstudio.com/latest/MathJax.js?config=TeX-AMS-MML_HTMLorMML' --include-in-header /tmp/RtmpRm9zUo/rmarkdown-str38b32f6c1ccf.html 
